2014/02/14 16:28:23 [error] [php] Invalid argument supplied for foreach() (/home/insite/data/www/filolog.in-site.ru/application/protected/components/CCustomForm.php:14)
Stack trace:
#0 /home/insite/data/www/filolog.in-site.ru/framework/web/CBaseController.php(126): require()
#1 /home/insite/data/www/filolog.in-site.ru/framework/web/CBaseController.php(95): PagesController->renderInternal()
#2 /home/insite/data/www/filolog.in-site.ru/framework/web/CController.php(869): PagesController->renderFile()
#3 unknown(0): PagesController->renderPartial()
#4 /home/insite/data/www/filolog.in-site.ru/application/protected/vendor/twig/twig/lib/Twig/Template.php(454): call_user_func_array()
#5 /home/insite/data/www/filolog.in-site.ru/application/protected/runtime/twig_cache/ee/77/a7f622d820a57b9a01190dec580767caa6d3b6a8a252a766de1fe8c90965.php(34): __TwigTemplate_ee77a7f622d820a57b9a01190dec580767caa6d3b6a8a252a766de1fe8c90965->getAttribute()
#6 /home/insite/data/www/filolog.in-site.ru/application/protected/vendor/twig/twig/lib/Twig/Template.php(142): __TwigTemplate_ee77a7f622d820a57b9a01190dec580767caa6d3b6a8a252a766de1fe8c90965->block_content()
#7 /home/insite/data/www/filolog.in-site.ru/application/protected/runtime/twig_cache/14/0a/d364ec59b5644b9a172b1c8af43f18b73eea82be7cfb4ea6b386f92cacff.php(77): __TwigTemplate_140ad364ec59b5644b9a172b1c8af43f18b73eea82be7cfb4ea6b386f92cacff->displayBlock()
#8 /home/insite/data/www/filolog.in-site.ru/application/protected/vendor/twig/twig/lib/Twig/Template.php(276): __TwigTemplate_140ad364ec59b5644b9a172b1c8af43f18b73eea82be7cfb4ea6b386f92cacff->doDisplay()
#9 /home/insite/data/www/filolog.in-site.ru/application/protected/vendor/twig/twig/lib/Twig/Template.php(250): __TwigTemplate_140ad364ec59b5644b9a172b1c8af43f18b73eea82be7cfb4ea6b386f92cacff->displayWithErrorHandling()
#10 /home/insite/data/www/filolog.in-site.ru/application/protected/runtime/twig_cache/ee/77/a7f622d820a57b9a01190dec580767caa6d3b6a8a252a766de1fe8c90965.php(24): __TwigTemplate_140ad364ec59b5644b9a172b1c8af43f18b73eea82be7cfb4ea6b386f92cacff->display()
#11 /home/insite/data/www/filolog.in-site.ru/application/protected/vendor/twig/twig/lib/Twig/Template.php(276): __TwigTemplate_ee77a7f622d820a57b9a01190dec580767caa6d3b6a8a252a766de1fe8c90965->doDisplay()
#12 /home/insite/data/www/filolog.in-site.ru/application/protected/vendor/twig/twig/lib/Twig/Template.php(250): __TwigTemplate_ee77a7f622d820a57b9a01190dec580767caa6d3b6a8a252a766de1fe8c90965->displayWithErrorHandling()
#13 /home/insite/data/www/filolog.in-site.ru/application/protected/vendor/twig/twig/lib/Twig/Template.php(261): __TwigTemplate_ee77a7f622d820a57b9a01190dec580767caa6d3b6a8a252a766de1fe8c90965->display()
#14 /home/insite/data/www/filolog.in-site.ru/application/protected/vendor/yiiext/twig-renderer/ETwigViewRenderer.php(151): __TwigTemplate_ee77a7f622d820a57b9a01190dec580767caa6d3b6a8a252a766de1fe8c90965->render()
#15 /home/insite/data/www/filolog.in-site.ru/framework/web/CBaseController.php(93): ETwigViewRenderer->renderFile()
#16 /home/insite/data/www/filolog.in-site.ru/framework/web/CController.php(869): PagesController->renderFile()
#17 /home/insite/data/www/filolog.in-site.ru/framework/web/CController.php(782): PagesController->renderPartial()
#18 /home/insite/data/www/filolog.in-site.ru/application/protected/controllers/PagesController.php(112): PagesController->render()
#19 /home/insite/data/www/filolog.in-site.ru/framework/web/actions/CInlineAction.php(49): PagesController->actionCreate()
#20 /home/insite/data/www/filolog.in-site.ru/framework/web/CController.php(308): CInlineAction->runWithParams()
#21 /home/insite/data/www/filolog.in-site.ru/framework/web/filters/CFilterChain.php(133): PagesController->runAction()
#22 /home/insite/data/www/filolog.in-site.ru/framework/web/filters/CFilter.php(40): CFilterChain->run()
#23 /home/insite/data/www/filolog.in-site.ru/framework/web/CController.php(1145): CAccessControlFilter->filter()
#24 /home/insite/data/www/filolog.in-site.ru/framework/web/filters/CInlineFilter.php(58): PagesController->filterAccessControl()
#25 /home/insite/data/www/filolog.in-site.ru/framework/web/filters/CFilterChain.php(130): CInlineFilter->filter()
#26 /home/insite/data/www/filolog.in-site.ru/framework/web/CController.php(291): CFilterChain->run()
#27 /home/insite/data/www/filolog.in-site.ru/framework/web/CController.php(265): PagesController->runActionWithFilters()
#28 /home/insite/data/www/filolog.in-site.ru/framework/web/CWebApplication.php(282): PagesController->run()
#29 /home/insite/data/www/filolog.in-site.ru/framework/web/CWebApplication.php(141): CWebApplication->runController()
#30 /home/insite/data/www/filolog.in-site.ru/framework/base/CApplication.php(180): CWebApplication->processRequest()
#31 /home/insite/data/www/filolog.in-site.ru/application/index.php(29): CWebApplication->run()
REQUEST_URI=/application/pages/create
in /home/insite/data/www/filolog.in-site.ru/application/protected/components/CCustomForm.php (14)
in /home/insite/data/www/filolog.in-site.ru/application/protected/components/CCustomForm.php (18)
in /home/insite/data/www/filolog.in-site.ru/application/protected/views/pages/_form.php (29)
2014/02/14 16:29:00 [error] [php] Invalid argument supplied for foreach() (/home/insite/data/www/filolog.in-site.ru/application/protected/components/CCustomForm.php:15)
Stack trace:
#0 /home/insite/data/www/filolog.in-site.ru/framework/web/CBaseController.php(126): require()
#1 /home/insite/data/www/filolog.in-site.ru/framework/web/CBaseController.php(95): PagesController->renderInternal()
#2 /home/insite/data/www/filolog.in-site.ru/framework/web/CController.php(869): PagesController->renderFile()
#3 unknown(0): PagesController->renderPartial()
#4 /home/insite/data/www/filolog.in-site.ru/application/protected/vendor/twig/twig/lib/Twig/Template.php(454): call_user_func_array()
#5 /home/insite/data/www/filolog.in-site.ru/application/protected/runtime/twig_cache/ee/77/a7f622d820a57b9a01190dec580767caa6d3b6a8a252a766de1fe8c90965.php(34): __TwigTemplate_ee77a7f622d820a57b9a01190dec580767caa6d3b6a8a252a766de1fe8c90965->getAttribute()
#6 /home/insite/data/www/filolog.in-site.ru/application/protected/vendor/twig/twig/lib/Twig/Template.php(142): __TwigTemplate_ee77a7f622d820a57b9a01190dec580767caa6d3b6a8a252a766de1fe8c90965->block_content()
#7 /home/insite/data/www/filolog.in-site.ru/application/protected/runtime/twig_cache/14/0a/d364ec59b5644b9a172b1c8af43f18b73eea82be7cfb4ea6b386f92cacff.php(77): __TwigTemplate_140ad364ec59b5644b9a172b1c8af43f18b73eea82be7cfb4ea6b386f92cacff->displayBlock()
#8 /home/insite/data/www/filolog.in-site.ru/application/protected/vendor/twig/twig/lib/Twig/Template.php(276): __TwigTemplate_140ad364ec59b5644b9a172b1c8af43f18b73eea82be7cfb4ea6b386f92cacff->doDisplay()
#9 /home/insite/data/www/filolog.in-site.ru/application/protected/vendor/twig/twig/lib/Twig/Template.php(250): __TwigTemplate_140ad364ec59b5644b9a172b1c8af43f18b73eea82be7cfb4ea6b386f92cacff->displayWithErrorHandling()
#10 /home/insite/data/www/filolog.in-site.ru/application/protected/runtime/twig_cache/ee/77/a7f622d820a57b9a01190dec580767caa6d3b6a8a252a766de1fe8c90965.php(24): __TwigTemplate_140ad364ec59b5644b9a172b1c8af43f18b73eea82be7cfb4ea6b386f92cacff->display()
#11 /home/insite/data/www/filolog.in-site.ru/application/protected/vendor/twig/twig/lib/Twig/Template.php(276): __TwigTemplate_ee77a7f622d820a57b9a01190dec580767caa6d3b6a8a252a766de1fe8c90965->doDisplay()
#12 /home/insite/data/www/filolog.in-site.ru/application/protected/vendor/twig/twig/lib/Twig/Template.php(250): __TwigTemplate_ee77a7f622d820a57b9a01190dec580767caa6d3b6a8a252a766de1fe8c90965->displayWithErrorHandling()
#13 /home/insite/data/www/filolog.in-site.ru/application/protected/vendor/twig/twig/lib/Twig/Template.php(261): __TwigTemplate_ee77a7f622d820a57b9a01190dec580767caa6d3b6a8a252a766de1fe8c90965->display()
#14 /home/insite/data/www/filolog.in-site.ru/application/protected/vendor/yiiext/twig-renderer/ETwigViewRenderer.php(151): __TwigTemplate_ee77a7f622d820a57b9a01190dec580767caa6d3b6a8a252a766de1fe8c90965->render()
#15 /home/insite/data/www/filolog.in-site.ru/framework/web/CBaseController.php(93): ETwigViewRenderer->renderFile()
#16 /home/insite/data/www/filolog.in-site.ru/framework/web/CController.php(869): PagesController->renderFile()
#17 /home/insite/data/www/filolog.in-site.ru/framework/web/CController.php(782): PagesController->renderPartial()
#18 /home/insite/data/www/filolog.in-site.ru/application/protected/controllers/PagesController.php(112): PagesController->render()
#19 /home/insite/data/www/filolog.in-site.ru/framework/web/actions/CInlineAction.php(49): PagesController->actionCreate()
#20 /home/insite/data/www/filolog.in-site.ru/framework/web/CController.php(308): CInlineAction->runWithParams()
#21 /home/insite/data/www/filolog.in-site.ru/framework/web/filters/CFilterChain.php(133): PagesController->runAction()
#22 /home/insite/data/www/filolog.in-site.ru/framework/web/filters/CFilter.php(40): CFilterChain->run()
#23 /home/insite/data/www/filolog.in-site.ru/framework/web/CController.php(1145): CAccessControlFilter->filter()
#24 /home/insite/data/www/filolog.in-site.ru/framework/web/filters/CInlineFilter.php(58): PagesController->filterAccessControl()
#25 /home/insite/data/www/filolog.in-site.ru/framework/web/filters/CFilterChain.php(130): CInlineFilter->filter()
#26 /home/insite/data/www/filolog.in-site.ru/framework/web/CController.php(291): CFilterChain->run()
#27 /home/insite/data/www/filolog.in-site.ru/framework/web/CController.php(265): PagesController->runActionWithFilters()
#28 /home/insite/data/www/filolog.in-site.ru/framework/web/CWebApplication.php(282): PagesController->run()
#29 /home/insite/data/www/filolog.in-site.ru/framework/web/CWebApplication.php(141): CWebApplication->runController()
#30 /home/insite/data/www/filolog.in-site.ru/framework/base/CApplication.php(180): CWebApplication->processRequest()
#31 /home/insite/data/www/filolog.in-site.ru/application/index.php(29): CWebApplication->run()
REQUEST_URI=/application/pages/create
in /home/insite/data/www/filolog.in-site.ru/application/protected/components/CCustomForm.php (15)
in /home/insite/data/www/filolog.in-site.ru/application/protected/components/CCustomForm.php (19)
in /home/insite/data/www/filolog.in-site.ru/application/protected/views/pages/_form.php (29)
2014/02/14 16:29:02 [error] [php] Invalid argument supplied for foreach() (/home/insite/data/www/filolog.in-site.ru/application/protected/components/CCustomForm.php:15)
Stack trace:
#0 /home/insite/data/www/filolog.in-site.ru/framework/web/CBaseController.php(126): require()
#1 /home/insite/data/www/filolog.in-site.ru/framework/web/CBaseController.php(95): PagesController->renderInternal()
#2 /home/insite/data/www/filolog.in-site.ru/framework/web/CController.php(869): PagesController->renderFile()
#3 unknown(0): PagesController->renderPartial()
#4 /home/insite/data/www/filolog.in-site.ru/application/protected/vendor/twig/twig/lib/Twig/Template.php(454): call_user_func_array()
#5 /home/insite/data/www/filolog.in-site.ru/application/protected/runtime/twig_cache/ee/77/a7f622d820a57b9a01190dec580767caa6d3b6a8a252a766de1fe8c90965.php(34): __TwigTemplate_ee77a7f622d820a57b9a01190dec580767caa6d3b6a8a252a766de1fe8c90965->getAttribute()
#6 /home/insite/data/www/filolog.in-site.ru/application/protected/vendor/twig/twig/lib/Twig/Template.php(142): __TwigTemplate_ee77a7f622d820a57b9a01190dec580767caa6d3b6a8a252a766de1fe8c90965->block_content()
#7 /home/insite/data/www/filolog.in-site.ru/application/protected/runtime/twig_cache/14/0a/d364ec59b5644b9a172b1c8af43f18b73eea82be7cfb4ea6b386f92cacff.php(77): __TwigTemplate_140ad364ec59b5644b9a172b1c8af43f18b73eea82be7cfb4ea6b386f92cacff->displayBlock()
#8 /home/insite/data/www/filolog.in-site.ru/application/protected/vendor/twig/twig/lib/Twig/Template.php(276): __TwigTemplate_140ad364ec59b5644b9a172b1c8af43f18b73eea82be7cfb4ea6b386f92cacff->doDisplay()
#9 /home/insite/data/www/filolog.in-site.ru/application/protected/vendor/twig/twig/lib/Twig/Template.php(250): __TwigTemplate_140ad364ec59b5644b9a172b1c8af43f18b73eea82be7cfb4ea6b386f92cacff->displayWithErrorHandling()
#10 /home/insite/data/www/filolog.in-site.ru/application/protected/runtime/twig_cache/ee/77/a7f622d820a57b9a01190dec580767caa6d3b6a8a252a766de1fe8c90965.php(24): __TwigTemplate_140ad364ec59b5644b9a172b1c8af43f18b73eea82be7cfb4ea6b386f92cacff->display()
#11 /home/insite/data/www/filolog.in-site.ru/application/protected/vendor/twig/twig/lib/Twig/Template.php(276): __TwigTemplate_ee77a7f622d820a57b9a01190dec580767caa6d3b6a8a252a766de1fe8c90965->doDisplay()
#12 /home/insite/data/www/filolog.in-site.ru/application/protected/vendor/twig/twig/lib/Twig/Template.php(250): __TwigTemplate_ee77a7f622d820a57b9a01190dec580767caa6d3b6a8a252a766de1fe8c90965->displayWithErrorHandling()
#13 /home/insite/data/www/filolog.in-site.ru/application/protected/vendor/twig/twig/lib/Twig/Template.php(261): __TwigTemplate_ee77a7f622d820a57b9a01190dec580767caa6d3b6a8a252a766de1fe8c90965->display()
#14 /home/insite/data/www/filolog.in-site.ru/application/protected/vendor/yiiext/twig-renderer/ETwigViewRenderer.php(151): __TwigTemplate_ee77a7f622d820a57b9a01190dec580767caa6d3b6a8a252a766de1fe8c90965->render()
#15 /home/insite/data/www/filolog.in-site.ru/framework/web/CBaseController.php(93): ETwigViewRenderer->renderFile()
#16 /home/insite/data/www/filolog.in-site.ru/framework/web/CController.php(869): PagesController->renderFile()
#17 /home/insite/data/www/filolog.in-site.ru/framework/web/CController.php(782): PagesController->renderPartial()
#18 /home/insite/data/www/filolog.in-site.ru/application/protected/controllers/PagesController.php(112): PagesController->render()
#19 /home/insite/data/www/filolog.in-site.ru/framework/web/actions/CInlineAction.php(49): PagesController->actionCreate()
#20 /home/insite/data/www/filolog.in-site.ru/framework/web/CController.php(308): CInlineAction->runWithParams()
#21 /home/insite/data/www/filolog.in-site.ru/framework/web/filters/CFilterChain.php(133): PagesController->runAction()
#22 /home/insite/data/www/filolog.in-site.ru/framework/web/filters/CFilter.php(40): CFilterChain->run()
#23 /home/insite/data/www/filolog.in-site.ru/framework/web/CController.php(1145): CAccessControlFilter->filter()
#24 /home/insite/data/www/filolog.in-site.ru/framework/web/filters/CInlineFilter.php(58): PagesController->filterAccessControl()
#25 /home/insite/data/www/filolog.in-site.ru/framework/web/filters/CFilterChain.php(130): CInlineFilter->filter()
#26 /home/insite/data/www/filolog.in-site.ru/framework/web/CController.php(291): CFilterChain->run()
#27 /home/insite/data/www/filolog.in-site.ru/framework/web/CController.php(265): PagesController->runActionWithFilters()
#28 /home/insite/data/www/filolog.in-site.ru/framework/web/CWebApplication.php(282): PagesController->run()
#29 /home/insite/data/www/filolog.in-site.ru/framework/web/CWebApplication.php(141): CWebApplication->runController()
#30 /home/insite/data/www/filolog.in-site.ru/framework/base/CApplication.php(180): CWebApplication->processRequest()
#31 /home/insite/data/www/filolog.in-site.ru/application/index.php(29): CWebApplication->run()
REQUEST_URI=/application/pages/create
in /home/insite/data/www/filolog.in-site.ru/application/protected/components/CCustomForm.php (15)
in /home/insite/data/www/filolog.in-site.ru/application/protected/components/CCustomForm.php (19)
in /home/insite/data/www/filolog.in-site.ru/application/protected/views/pages/_form.php (29)
2014/02/15 16:53:55 [error] [exception.CHttpException.404] exception 'CHttpException' with message 'Невозможно обработать запрос "images/kaf/3/2.jpg".' in /home/insite/data/www/filolog.in-site.ru/framework/web/CWebApplication.php:286
Stack trace:
#0 /home/insite/data/www/filolog.in-site.ru/framework/web/CWebApplication.php(141): CWebApplication->runController('images/kaf/3/2....')
#1 /home/insite/data/www/filolog.in-site.ru/framework/base/CApplication.php(180): CWebApplication->processRequest()
#2 /home/insite/data/www/filolog.in-site.ru/application/index.php(29): CApplication->run()
#3 {main}
REQUEST_URI=/application/images/kaf/3/2.jpg
HTTP_REFERER=http://filolog.in-site.ru/application/pages/read/kafedra-noveyshey-literatury
---
2014/02/15 16:53:55 [error] [exception.CHttpException.404] exception 'CHttpException' with message 'Невозможно обработать запрос "images/kaf/3/1.jpg".' in /home/insite/data/www/filolog.in-site.ru/framework/web/CWebApplication.php:286
Stack trace:
#0 /home/insite/data/www/filolog.in-site.ru/framework/web/CWebApplication.php(141): CWebApplication->runController('images/kaf/3/1....')
#1 /home/insite/data/www/filolog.in-site.ru/framework/base/CApplication.php(180): CWebApplication->processRequest()
#2 /home/insite/data/www/filolog.in-site.ru/application/index.php(29): CApplication->run()
#3 {main}
REQUEST_URI=/application/images/kaf/3/1.jpg
HTTP_REFERER=http://filolog.in-site.ru/application/pages/read/kafedra-noveyshey-literatury
---
2014/02/15 16:54:30 [error] [exception.CHttpException.404] exception 'CHttpException' with message 'Невозможно обработать запрос "images/kaf/3/2.jpg".' in /home/insite/data/www/filolog.in-site.ru/framework/web/CWebApplication.php:286
Stack trace:
#0 /home/insite/data/www/filolog.in-site.ru/framework/web/CWebApplication.php(141): CWebApplication->runController('images/kaf/3/2....')
#1 /home/insite/data/www/filolog.in-site.ru/framework/base/CApplication.php(180): CWebApplication->processRequest()
#2 /home/insite/data/www/filolog.in-site.ru/application/index.php(29): CApplication->run()
#3 {main}
REQUEST_URI=/application/images/kaf/3/2.jpg
HTTP_REFERER=http://filolog.in-site.ru/application/pages/read/kafedra-noveyshey-literatury
---
2014/02/15 16:54:30 [error] [exception.CHttpException.404] exception 'CHttpException' with message 'Невозможно обработать запрос "images/kaf/3/1.jpg".' in /home/insite/data/www/filolog.in-site.ru/framework/web/CWebApplication.php:286
Stack trace:
#0 /home/insite/data/www/filolog.in-site.ru/framework/web/CWebApplication.php(141): CWebApplication->runController('images/kaf/3/1....')
#1 /home/insite/data/www/filolog.in-site.ru/framework/base/CApplication.php(180): CWebApplication->processRequest()
#2 /home/insite/data/www/filolog.in-site.ru/application/index.php(29): CApplication->run()
#3 {main}
REQUEST_URI=/application/images/kaf/3/1.jpg
HTTP_REFERER=http://filolog.in-site.ru/application/pages/read/kafedra-noveyshey-literatury
---
2014/02/15 16:58:52 [error] [exception.CHttpException.404] exception 'CHttpException' with message 'Невозможно обработать запрос "images/kaf/3/1.jpg".' in /home/insite/data/www/filolog.in-site.ru/framework/web/CWebApplication.php:286
Stack trace:
#0 /home/insite/data/www/filolog.in-site.ru/framework/web/CWebApplication.php(141): CWebApplication->runController('images/kaf/3/1....')
#1 /home/insite/data/www/filolog.in-site.ru/framework/base/CApplication.php(180): CWebApplication->processRequest()
#2 /home/insite/data/www/filolog.in-site.ru/application/index.php(29): CApplication->run()
#3 {main}
REQUEST_URI=/application/images/kaf/3/1.jpg
HTTP_REFERER=http://filolog.in-site.ru/application/pages/read/kafedra-noveyshey-literatury
---
2014/02/15 16:58:52 [error] [exception.CHttpException.404] exception 'CHttpException' with message 'Невозможно обработать запрос "images/kaf/3/2.jpg".' in /home/insite/data/www/filolog.in-site.ru/framework/web/CWebApplication.php:286
Stack trace:
#0 /home/insite/data/www/filolog.in-site.ru/framework/web/CWebApplication.php(141): CWebApplication->runController('images/kaf/3/2....')
#1 /home/insite/data/www/filolog.in-site.ru/framework/base/CApplication.php(180): CWebApplication->processRequest()
#2 /home/insite/data/www/filolog.in-site.ru/application/index.php(29): CApplication->run()
#3 {main}
REQUEST_URI=/application/images/kaf/3/2.jpg
HTTP_REFERER=http://filolog.in-site.ru/application/pages/read/kafedra-noveyshey-literatury
---
2014/02/17 15:18:10 [error] [exception.CHttpException.404] exception 'CHttpException' with message 'Невозможно обработать запрос "images/kaf/3/1.jpg".' in /home/insite/data/www/filolog.in-site.ru/framework/web/CWebApplication.php:286
Stack trace:
#0 /home/insite/data/www/filolog.in-site.ru/framework/web/CWebApplication.php(141): CWebApplication->runController('images/kaf/3/1....')
#1 /home/insite/data/www/filolog.in-site.ru/framework/base/CApplication.php(180): CWebApplication->processRequest()
#2 /home/insite/data/www/filolog.in-site.ru/application/index.php(29): CApplication->run()
#3 {main}
REQUEST_URI=/application/images/kaf/3/1.jpg
HTTP_REFERER=http://filolog.in-site.ru/application/pages/read/kafedra-noveyshey-literatury
---
2014/02/17 15:18:10 [error] [exception.CHttpException.404] exception 'CHttpException' with message 'Невозможно обработать запрос "images/kaf/3/2.jpg".' in /home/insite/data/www/filolog.in-site.ru/framework/web/CWebApplication.php:286
Stack trace:
#0 /home/insite/data/www/filolog.in-site.ru/framework/web/CWebApplication.php(141): CWebApplication->runController('images/kaf/3/2....')
#1 /home/insite/data/www/filolog.in-site.ru/framework/base/CApplication.php(180): CWebApplication->processRequest()
#2 /home/insite/data/www/filolog.in-site.ru/application/index.php(29): CApplication->run()
#3 {main}
REQUEST_URI=/application/images/kaf/3/2.jpg
HTTP_REFERER=http://filolog.in-site.ru/application/pages/read/kafedra-noveyshey-literatury
---
2014/02/17 15:42:09 [error] [exception.CHttpException.404] exception 'CHttpException' with message 'Невозможно обработать запрос "images/teachers/13.jpg".' in /home/insite/data/www/filolog.in-site.ru/framework/web/CWebApplication.php:286
Stack trace:
#0 /home/insite/data/www/filolog.in-site.ru/framework/web/CWebApplication.php(141): CWebApplication->runController('images/teachers...')
#1 /home/insite/data/www/filolog.in-site.ru/framework/base/CApplication.php(180): CWebApplication->processRequest()
#2 /home/insite/data/www/filolog.in-site.ru/application/index.php(29): CApplication->run()
#3 {main}
REQUEST_URI=/application/images/teachers/13.jpg
HTTP_REFERER=http://filolog.in-site.ru/application/pages/read/uchitelya
---
2014/02/17 15:44:35 [error] [exception.CHttpException.404] exception 'CHttpException' with message 'Невозможно обработать запрос "images/teachers/13.jpg".' in /home/insite/data/www/filolog.in-site.ru/framework/web/CWebApplication.php:286
Stack trace:
#0 /home/insite/data/www/filolog.in-site.ru/framework/web/CWebApplication.php(141): CWebApplication->runController('images/teachers...')
#1 /home/insite/data/www/filolog.in-site.ru/framework/base/CApplication.php(180): CWebApplication->processRequest()
#2 /home/insite/data/www/filolog.in-site.ru/application/index.php(29): CApplication->run()
#3 {main}
REQUEST_URI=/application/images/teachers/13.jpg
HTTP_REFERER=http://filolog.in-site.ru/application/pages/read/uchitelya
---
2014/02/17 15:44:42 [error] [exception.CHttpException.404] exception 'CHttpException' with message 'Невозможно обработать запрос "images/teachers/13.jpg".' in /home/insite/data/www/filolog.in-site.ru/framework/web/CWebApplication.php:286
Stack trace:
#0 /home/insite/data/www/filolog.in-site.ru/framework/web/CWebApplication.php(141): CWebApplication->runController('images/teachers...')
#1 /home/insite/data/www/filolog.in-site.ru/framework/base/CApplication.php(180): CWebApplication->processRequest()
#2 /home/insite/data/www/filolog.in-site.ru/application/index.php(29): CApplication->run()
#3 {main}
REQUEST_URI=/application/images/teachers/13.jpg
HTTP_REFERER=http://filolog.in-site.ru/application/pages/read/uchitelya
---
2014/02/17 15:46:05 [error] [exception.CHttpException.404] exception 'CHttpException' with message 'Невозможно обработать запрос "images/kaf/3/1.jpg".' in /home/insite/data/www/filolog.in-site.ru/framework/web/CWebApplication.php:286
Stack trace:
#0 /home/insite/data/www/filolog.in-site.ru/framework/web/CWebApplication.php(141): CWebApplication->runController('images/kaf/3/1....')
#1 /home/insite/data/www/filolog.in-site.ru/framework/base/CApplication.php(180): CWebApplication->processRequest()
#2 /home/insite/data/www/filolog.in-site.ru/application/index.php(29): CApplication->run()
#3 {main}
REQUEST_URI=/application/images/kaf/3/1.jpg
HTTP_REFERER=http://filolog.in-site.ru/application/pages/read/kafedra-noveyshey-literatury
---
2014/02/17 15:46:05 [error] [exception.CHttpException.404] exception 'CHttpException' with message 'Невозможно обработать запрос "images/kaf/3/2.jpg".' in /home/insite/data/www/filolog.in-site.ru/framework/web/CWebApplication.php:286
Stack trace:
#0 /home/insite/data/www/filolog.in-site.ru/framework/web/CWebApplication.php(141): CWebApplication->runController('images/kaf/3/2....')
#1 /home/insite/data/www/filolog.in-site.ru/framework/base/CApplication.php(180): CWebApplication->processRequest()
#2 /home/insite/data/www/filolog.in-site.ru/application/index.php(29): CApplication->run()
#3 {main}
REQUEST_URI=/application/images/kaf/3/2.jpg
HTTP_REFERER=http://filolog.in-site.ru/application/pages/read/kafedra-noveyshey-literatury
---
2014/02/17 15:46:33 [error] [exception.CHttpException.404] exception 'CHttpException' with message 'Невозможно обработать запрос "images/kaf/3/1.jpg".' in /home/insite/data/www/filolog.in-site.ru/framework/web/CWebApplication.php:286
Stack trace:
#0 /home/insite/data/www/filolog.in-site.ru/framework/web/CWebApplication.php(141): CWebApplication->runController('images/kaf/3/1....')
#1 /home/insite/data/www/filolog.in-site.ru/framework/base/CApplication.php(180): CWebApplication->processRequest()
#2 /home/insite/data/www/filolog.in-site.ru/application/index.php(29): CApplication->run()
#3 {main}
REQUEST_URI=/application/images/kaf/3/1.jpg
HTTP_REFERER=http://filolog.in-site.ru/application/pages/read/kafedra-noveyshey-literatury
---
2014/02/17 15:46:33 [error] [exception.CHttpException.404] exception 'CHttpException' with message 'Невозможно обработать запрос "images/kaf/3/2.jpg".' in /home/insite/data/www/filolog.in-site.ru/framework/web/CWebApplication.php:286
Stack trace:
#0 /home/insite/data/www/filolog.in-site.ru/framework/web/CWebApplication.php(141): CWebApplication->runController('images/kaf/3/2....')
#1 /home/insite/data/www/filolog.in-site.ru/framework/base/CApplication.php(180): CWebApplication->processRequest()
#2 /home/insite/data/www/filolog.in-site.ru/application/index.php(29): CApplication->run()
#3 {main}
REQUEST_URI=/application/images/kaf/3/2.jpg
HTTP_REFERER=http://filolog.in-site.ru/application/pages/read/kafedra-noveyshey-literatury
---
2014/02/17 16:58:00 [error] [exception.CHttpException.404] exception 'CHttpException' with message 'Невозможно обработать запрос "images/kaf/3/2.jpg".' in /home/insite/data/www/filolog.in-site.ru/framework/web/CWebApplication.php:286
Stack trace:
#0 /home/insite/data/www/filolog.in-site.ru/framework/web/CWebApplication.php(141): CWebApplication->runController('images/kaf/3/2....')
#1 /home/insite/data/www/filolog.in-site.ru/framework/base/CApplication.php(180): CWebApplication->processRequest()
#2 /home/insite/data/www/filolog.in-site.ru/application/index.php(29): CApplication->run()
#3 {main}
REQUEST_URI=/application/images/kaf/3/2.jpg
HTTP_REFERER=http://filolog.in-site.ru/application/pages/read/kafedra-noveyshey-literatury
---
2014/02/17 16:58:00 [error] [exception.CHttpException.404] exception 'CHttpException' with message 'Невозможно обработать запрос "images/kaf/3/1.jpg".' in /home/insite/data/www/filolog.in-site.ru/framework/web/CWebApplication.php:286
Stack trace:
#0 /home/insite/data/www/filolog.in-site.ru/framework/web/CWebApplication.php(141): CWebApplication->runController('images/kaf/3/1....')
#1 /home/insite/data/www/filolog.in-site.ru/framework/base/CApplication.php(180): CWebApplication->processRequest()
#2 /home/insite/data/www/filolog.in-site.ru/application/index.php(29): CApplication->run()
#3 {main}
REQUEST_URI=/application/images/kaf/3/1.jpg
HTTP_REFERER=http://filolog.in-site.ru/application/pages/read/kafedra-noveyshey-literatury
---
2014/02/17 17:32:14 [error] [exception.CHttpException.404] exception 'CHttpException' with message 'Невозможно обработать запрос "images/kaf/3/1.jpg".' in /home/insite/data/www/filolog.in-site.ru/framework/web/CWebApplication.php:286
Stack trace:
#0 /home/insite/data/www/filolog.in-site.ru/framework/web/CWebApplication.php(141): CWebApplication->runController('images/kaf/3/1....')
#1 /home/insite/data/www/filolog.in-site.ru/framework/base/CApplication.php(180): CWebApplication->processRequest()
#2 /home/insite/data/www/filolog.in-site.ru/application/index.php(29): CApplication->run()
#3 {main}
REQUEST_URI=/application/images/kaf/3/1.jpg
HTTP_REFERER=http://filolog.in-site.ru/application/pages/read/kafedra-noveyshey-literatury
---
2014/02/17 17:32:14 [error] [exception.CHttpException.404] exception 'CHttpException' with message 'Невозможно обработать запрос "images/kaf/3/2.jpg".' in /home/insite/data/www/filolog.in-site.ru/framework/web/CWebApplication.php:286
Stack trace:
#0 /home/insite/data/www/filolog.in-site.ru/framework/web/CWebApplication.php(141): CWebApplication->runController('images/kaf/3/2....')
#1 /home/insite/data/www/filolog.in-site.ru/framework/base/CApplication.php(180): CWebApplication->processRequest()
#2 /home/insite/data/www/filolog.in-site.ru/application/index.php(29): CApplication->run()
#3 {main}
REQUEST_URI=/application/images/kaf/3/2.jpg
HTTP_REFERER=http://filolog.in-site.ru/application/pages/read/kafedra-noveyshey-literatury
---
